android/app/build/intermediates/manifest_merge_blame_file/release/manifest-merger-blame-release-report.txt
1<?xml version="1.0" encoding="utf-8"?>
2<manifest xmlns:android="http://schemas.android.com/apk/res/android"
3    package="com.jeutchad"
4    android:versionCode="1"
5    android:versionName="1.0" >
6
7    <uses-sdk
8        android:minSdkVersion="21"
8-->src/main/AndroidManifest.xml
9        android:targetSdkVersion="30" />
9-->src/main/AndroidManifest.xml
10
11    <uses-permission android:name="android.permission.INTERNET" />
11-->src/main/AndroidManifest.xml:4:5-67
11-->src/main/AndroidManifest.xml:4:22-64
12    <uses-permission android:name="android.permission.ACCESS_COARSE_LOCATION" /> <!-- Include required permissions for Google Maps API to run. -->
12-->[:react-native-maps] AndroidManifest.xml:10:5-81
12-->[:react-native-maps] AndroidManifest.xml:10:22-78
13    <uses-permission android:name="android.permission.ACCESS_NETWORK_STATE" />
13-->[com.google.android.gms:play-services-maps:17.0.0] AndroidManifest.xml:23:5-79
13-->[com.google.android.gms:play-services-maps:17.0.0] AndroidManifest.xml:23:22-76
14
15    <uses-feature
15-->[com.google.android.gms:play-services-maps:17.0.0] AndroidManifest.xml:26:5-28:35
16        android:glEsVersion="0x00020000"
16-->[com.google.android.gms:play-services-maps:17.0.0] AndroidManifest.xml:27:9-41
17        android:required="true" /> <!-- Permission will be merged into the manifest of the hosting app. -->
17-->[com.google.android.gms:play-services-maps:17.0.0] AndroidManifest.xml:28:9-32
18    <!-- Is required to launch foreground extraction service for targetSdkVersion 28+. -->
19    <uses-permission android:name="android.permission.FOREGROUND_SERVICE" />
19-->[com.google.android.play:core:1.8.0] AndroidManifest.xml:8:3-74
19-->[com.google.android.play:core:1.8.0] AndroidManifest.xml:8:20-72
20
21    <application
21-->src/main/AndroidManifest.xml:6:5-24:19
22        android:name="com.jeutchad.MainApplication"
22-->src/main/AndroidManifest.xml:7:7-38
23        android:allowBackup="false"
23-->src/main/AndroidManifest.xml:11:7-34
24        android:appComponentFactory="androidx.core.app.CoreComponentFactory"
24-->[androidx.core:core:1.6.0] AndroidManifest.xml:24:18-86
25        android:icon="@mipmap/ic_launcher"
25-->src/main/AndroidManifest.xml:9:7-41
26        android:label="@string/app_name"
26-->src/main/AndroidManifest.xml:8:7-39
27        android:roundIcon="@mipmap/ic_launcher_round"
27-->src/main/AndroidManifest.xml:10:7-52
28        android:theme="@style/AppTheme" >
28-->src/main/AndroidManifest.xml:12:7-38
29        <activity
29-->src/main/AndroidManifest.xml:13:7-23:18
30            android:name="com.jeutchad.MainActivity"
30-->src/main/AndroidManifest.xml:14:9-37
31            android:configChanges="keyboard|keyboardHidden|orientation|screenSize|uiMode"
31-->src/main/AndroidManifest.xml:16:9-86
32            android:label="@string/app_name"
32-->src/main/AndroidManifest.xml:15:9-41
33            android:launchMode="singleTask"
33-->src/main/AndroidManifest.xml:17:9-40
34            android:windowSoftInputMode="adjustResize" >
34-->src/main/AndroidManifest.xml:18:9-51
35            <intent-filter>
35-->src/main/AndroidManifest.xml:19:9-22:25
36                <action android:name="android.intent.action.MAIN" />
36-->src/main/AndroidManifest.xml:20:13-65
36-->src/main/AndroidManifest.xml:20:21-62
37
38                <category android:name="android.intent.category.LAUNCHER" />
38-->src/main/AndroidManifest.xml:21:13-73
38-->src/main/AndroidManifest.xml:21:23-70
39            </intent-filter>
40        </activity>
41
42        <provider
42-->[:react-native-share] AndroidManifest.xml:10:9-18:20
43            android:name="cl.json.RNShareFileProvider"
43-->[:react-native-share] AndroidManifest.xml:11:13-55
44            android:authorities="com.jeutchad.rnshare.fileprovider"
44-->[:react-native-share] AndroidManifest.xml:12:13-72
45            android:exported="false"
45-->[:react-native-share] AndroidManifest.xml:13:13-37
46            android:grantUriPermissions="true" >
46-->[:react-native-share] AndroidManifest.xml:14:13-47
47            <meta-data
47-->[:react-native-share] AndroidManifest.xml:15:13-17:64
48                android:name="android.support.FILE_PROVIDER_PATHS"
48-->[:react-native-share] AndroidManifest.xml:16:17-67
49                android:resource="@xml/share_download_paths" />
49-->[:react-native-share] AndroidManifest.xml:17:17-61
50        </provider> <!-- Needs to be explicitly declared on P+ -->
51        <uses-library
51-->[com.google.android.gms:play-services-maps:17.0.0] AndroidManifest.xml:33:9-35:40
52            android:name="org.apache.http.legacy"
52-->[com.google.android.gms:play-services-maps:17.0.0] AndroidManifest.xml:34:13-50
53            android:required="false" />
53-->[com.google.android.gms:play-services-maps:17.0.0] AndroidManifest.xml:35:13-37
54
55        <activity
55-->[com.google.android.gms:play-services-base:17.0.0] AndroidManifest.xml:23:9-26:75
56            android:name="com.google.android.gms.common.api.GoogleApiActivity"
56-->[com.google.android.gms:play-services-base:17.0.0] AndroidManifest.xml:24:13-79
57            android:exported="false"
57-->[com.google.android.gms:play-services-base:17.0.0] AndroidManifest.xml:25:13-37
58            android:theme="@android:style/Theme.Translucent.NoTitleBar" />
58-->[com.google.android.gms:play-services-base:17.0.0] AndroidManifest.xml:26:13-72
59
60        <meta-data
60-->[com.google.android.gms:play-services-basement:17.0.0] AndroidManifest.xml:23:9-25:69
61            android:name="com.google.android.gms.version"
61-->[com.google.android.gms:play-services-basement:17.0.0] AndroidManifest.xml:24:13-58
62            android:value="@integer/google_play_services_version" /> <!-- The activities will be merged into the manifest of the hosting app. -->
62-->[com.google.android.gms:play-services-basement:17.0.0] AndroidManifest.xml:25:13-66
63        <activity
63-->[com.google.android.play:core:1.8.0] AndroidManifest.xml:12:5-271
64            android:name="com.google.android.play.core.missingsplits.PlayCoreMissingSplitsActivity"
64-->[com.google.android.play:core:1.8.0] AndroidManifest.xml:12:15-102
65            android:enabled="false"
65-->[com.google.android.play:core:1.8.0] AndroidManifest.xml:12:103-126
66            android:exported="false"
66-->[com.google.android.play:core:1.8.0] AndroidManifest.xml:12:127-151
67            android:launchMode="singleInstance"
67-->[com.google.android.play:core:1.8.0] AndroidManifest.xml:12:204-239
68            android:process=":playcore_missing_splits_activity"
68-->[com.google.android.play:core:1.8.0] AndroidManifest.xml:12:152-203
69            android:stateNotNeeded="true" />
69-->[com.google.android.play:core:1.8.0] AndroidManifest.xml:12:240-269
70        <activity
70-->[com.google.android.play:core:1.8.0] AndroidManifest.xml:13:5-226
71            android:name="com.google.android.play.core.common.PlayCoreDialogWrapperActivity"
71-->[com.google.android.play:core:1.8.0] AndroidManifest.xml:13:15-95
72            android:enabled="false"
72-->[com.google.android.play:core:1.8.0] AndroidManifest.xml:13:96-119
73            android:exported="false"
73-->[com.google.android.play:core:1.8.0] AndroidManifest.xml:13:120-144
74            android:stateNotNeeded="true"
74-->[com.google.android.play:core:1.8.0] AndroidManifest.xml:13:145-174
75            android:theme="@style/Theme.PlayCore.Transparent" /> <!-- The service will be merged into the manifest of the hosting app. -->
75-->[com.google.android.play:core:1.8.0] AndroidManifest.xml:13:175-224
76        <service
76-->[com.google.android.play:core:1.8.0] AndroidManifest.xml:16:5-145
77            android:name="com.google.android.play.core.assetpacks.AssetPackExtractionService"
77-->[com.google.android.play:core:1.8.0] AndroidManifest.xml:16:14-95
78            android:enabled="false"
78-->[com.google.android.play:core:1.8.0] AndroidManifest.xml:16:96-119
79            android:exported="true" />
79-->[com.google.android.play:core:1.8.0] AndroidManifest.xml:16:120-143
80    </application>
81
82</manifest>